<?xml version="1.0" encoding="UTF-8"?>
<!-- Generated by org.testng.reporters.JUnitReportReporter -->
<testsuite hostname="Pranauti" failures="0" tests="1" name="test.LoginTest" time="12.860" errors="0" timestamp="2024-01-22T22:32:48 CST" skipped="0">
  <testcase classname="test.LoginTest" name="validUsrShdBeAbleTOLogin" time="12.860"/>
</testsuite> <!-- test.LoginTest -->
