<?xml version="1.0" encoding="UTF-8"?>
<!-- Generated by org.testng.reporters.JUnitReportReporter -->
<testsuite hostname="Pranauti" failures="0" tests="1" name="util.BrowserFactory" time="4.215" errors="0" timestamp="2024-01-22T00:14:06 CST" skipped="0">
  <testcase classname="util.BrowserFactory" name="init" time="4.215"/>
</testsuite> <!-- util.BrowserFactory -->
